<?xml version="1.0" encoding="UTF-8"?>
<!-- Generated by org.testng.reporters.JUnitReportReporter -->
<testsuite hostname="DESKTOP-LEKU5PK" failures="0" tests="1" name="com.webElement.MethodsOfWebElement" time="11.629" errors="0" timestamp="25 Mar 2022 14:54:15 GMT" skipped="0">
  <testcase classname="com.webElement.MethodsOfWebElement" name="launchCrome" time="11.629"/>
</testsuite> <!-- com.webElement.MethodsOfWebElement -->
