<?xml version="1.0" encoding="UTF-8"?>
<!-- Generated by org.testng.reporters.JUnitReportReporter -->
<testsuite hostname="Apples-MacBook-Air.local" failures="0" tests="1" name="com.webElement.MethodsOfWebElement" time="16.604" errors="0" timestamp="28 Mar 2022 09:41:02 GMT" skipped="0">
  <testcase classname="com.webElement.MethodsOfWebElement" name="launchCrome" time="16.604"/>
</testsuite> <!-- com.webElement.MethodsOfWebElement -->
