<?xml version="1.0" encoding="UTF-8"?>
<!-- Generated by org.testng.reporters.JUnitReportReporter -->
<testsuite hostname="DESKTOP-BD4PT7S" failures="0" tests="1" name="com.webElement.MethodsOfWebElement" time="15.035" errors="0" timestamp="07 Apr 2022 05:50:22 GMT" skipped="0">
  <testcase classname="com.webElement.MethodsOfWebElement" name="launchCrome" time="15.035"/>
</testsuite> <!-- com.webElement.MethodsOfWebElement -->
