<?xml version="1.0" encoding="UTF-8"?>
<!-- Generated by org.testng.reporters.JUnitReportReporter -->
<testsuite hostname="DESKTOP-LEKU5PK" failures="0" tests="1" name="com.webElement.MethodsOfWebElement" time="6.208" errors="0" timestamp="24 Mar 2022 10:16:32 GMT" skipped="0">
  <testcase classname="com.webElement.MethodsOfWebElement" name="launchCrome" time="6.208"/>
</testsuite> <!-- com.webElement.MethodsOfWebElement -->
